<testsuite errors="0" failures="0" name="" skipped="0" tests="0" time="1.249">
<properties><property name="LogsLocation" value="http://10.204.216.50/Docs/logs/3.1.2.0-66_2017_03_24_23_04_49/logs/" /><property name="Build" value="3.1.2.0-66" /><property name="Report" value="http://10.204.216.50/Docs/logs/3.1.2.0-66_2017_03_24_23_04_49/junit-noframes.html" /><property name="Topology" value="&lt;br/&gt;DISTRO : &quot;Ubuntu 14.04.5 LTS&quot; &lt;br/&gt;SKU :  &lt;br/&gt;Config Nodes : [u'5b3s45'] &lt;br/&gt;Control Nodes : [u'5b3s45'] &lt;br/&gt;Compute Nodes : [u'5b4s30', u'5b4s39', u'5b4s25'] &lt;br/&gt;Openstack Node : 5b3s45 &lt;br/&gt;WebUI Node : 5b3s45 &lt;br/&gt;Analytics Nodes : [u'5b3s45'] &lt;br/&gt;Database Nodes : [u'5b3s45'] &lt;br/&gt;Physical Devices : [u&quot;'cmbu-lakewood'&quot;] &lt;br/&gt;" /><property name="cores" value="{}" /></properties></testsuite>